<?xml version="1.0" encoding="UTF-8"?>
<robot generator="Robot 6.1.1 (Python 3.11.4 on darwin)" generated="20230824 13:36:59.654" rpa="false" schemaversion="4">
<suite id="s1" name="Demoqarobotframework" source="/Users/oussama/Desktop/Demoqarobotframework">
<suite id="s1-s1" name="Tests" source="/Users/oussama/Desktop/Demoqarobotframework/Tests">
<suite id="s1-s1-s1" name="Demoqa" source="/Users/oussama/Desktop/Demoqarobotframework/Tests/Demoqa.robot">
<test id="s1-s1-s1-t1" name="Remplir le formulaire sur demoqa.com/text-box" line="5">
<kw name="Open Browser" library="SeleniumLibrary">
<arg>https://demoqa.com/text-box</arg>
<arg>chrome</arg>
<doc>Opens a new browser instance to the optional ``url``.</doc>
<msg timestamp="20230824 13:36:59.729" level="INFO">Opening browser 'chrome' to base url 'https://demoqa.com/text-box'.</msg>
<status status="PASS" starttime="20230824 13:36:59.729" endtime="20230824 13:37:05.599"/>
</kw>
<kw name="Input Text" library="SeleniumLibrary">
<arg>id=userName</arg>
<arg>JohnDoe</arg>
<doc>Types the given ``text`` into the text field identified by ``locator``.</doc>
<msg timestamp="20230824 13:37:05.602" level="INFO">Typing text 'JohnDoe' into text field 'id=userName'.</msg>
<status status="PASS" starttime="20230824 13:37:05.600" endtime="20230824 13:37:05.773"/>
</kw>
<kw name="Input Text" library="SeleniumLibrary">
<arg>id=userEmail</arg>
<arg>johndoe@example.com</arg>
<doc>Types the given ``text`` into the text field identified by ``locator``.</doc>
<msg timestamp="20230824 13:37:05.773" level="INFO">Typing text 'johndoe@example.com' into text field 'id=userEmail'.</msg>
<status status="PASS" starttime="20230824 13:37:05.773" endtime="20230824 13:37:05.828"/>
</kw>
<kw name="Input Text" library="SeleniumLibrary">
<arg>id=currentAddress</arg>
<arg>123 Main St</arg>
<doc>Types the given ``text`` into the text field identified by ``locator``.</doc>
<msg timestamp="20230824 13:37:05.829" level="INFO">Typing text '123 Main St' into text field 'id=currentAddress'.</msg>
<status status="PASS" starttime="20230824 13:37:05.828" endtime="20230824 13:37:05.866"/>
</kw>
<kw name="Input Text" library="SeleniumLibrary">
<arg>id=permanentAddress</arg>
<arg>456 Elm St</arg>
<doc>Types the given ``text`` into the text field identified by ``locator``.</doc>
<msg timestamp="20230824 13:37:05.866" level="INFO">Typing text '456 Elm St' into text field 'id=permanentAddress'.</msg>
<status status="PASS" starttime="20230824 13:37:05.866" endtime="20230824 13:37:05.906"/>
</kw>
<kw name="Execute Javascript" library="SeleniumLibrary">
<arg>window.scrollTo(0, document.body.scrollHeight)</arg>
<doc>Executes the given JavaScript code with possible arguments.</doc>
<msg timestamp="20230824 13:37:05.908" level="INFO">Executing JavaScript:
window.scrollTo(0, document.body.scrollHeight)
Without any arguments.</msg>
<status status="PASS" starttime="20230824 13:37:05.906" endtime="20230824 13:37:05.911"/>
</kw>
<kw name="Wait Until Page Contains Element" library="SeleniumLibrary">
<arg>id=submit</arg>
<doc>Waits until the element ``locator`` appears on the current page.</doc>
<status status="PASS" starttime="20230824 13:37:05.911" endtime="20230824 13:37:05.918"/>
</kw>
<kw name="Click Element" library="SeleniumLibrary">
<arg>id=submit</arg>
<doc>Click the element identified by ``locator``.</doc>
<msg timestamp="20230824 13:37:05.919" level="INFO">Clicking element 'id=submit'.</msg>
<status status="PASS" starttime="20230824 13:37:05.919" endtime="20230824 13:37:05.955"/>
</kw>
<kw name="Element Should Be Visible" library="SeleniumLibrary">
<arg>id=output</arg>
<doc>Verifies that the element identified by ``locator`` is visible.</doc>
<msg timestamp="20230824 13:37:05.968" level="INFO">Element 'id=output' is displayed.</msg>
<status status="PASS" starttime="20230824 13:37:05.955" endtime="20230824 13:37:05.968"/>
</kw>
<kw name="Close Browser" library="SeleniumLibrary">
<doc>Closes the current browser.</doc>
<status status="PASS" starttime="20230824 13:37:05.968" endtime="20230824 13:37:06.040"/>
</kw>
<status status="PASS" starttime="20230824 13:36:59.729" endtime="20230824 13:37:06.040"/>
</test>
<status status="PASS" starttime="20230824 13:36:59.662" endtime="20230824 13:37:06.041"/>
</suite>
<status status="PASS" starttime="20230824 13:36:59.661" endtime="20230824 13:37:06.041"/>
</suite>
<status status="PASS" starttime="20230824 13:36:59.654" endtime="20230824 13:37:06.041"/>
</suite>
<statistics>
<total>
<stat pass="1" fail="0" skip="0">All Tests</stat>
</total>
<tag>
</tag>
<suite>
<stat pass="1" fail="0" skip="0" id="s1" name="Demoqarobotframework">Demoqarobotframework</stat>
<stat pass="1" fail="0" skip="0" id="s1-s1" name="Tests">Demoqarobotframework.Tests</stat>
<stat pass="1" fail="0" skip="0" id="s1-s1-s1" name="Demoqa">Demoqarobotframework.Tests.Demoqa</stat>
</suite>
</statistics>
<errors>
</errors>
</robot>
